android/app/build/intermediates/manifest_merge_blame_file/release/processReleaseMainManifest/manifest-merger-blame-release-report.txt
1<?xml version="1.0" encoding="utf-8"?>
2<manifest xmlns:android="http://schemas.android.com/apk/res/android"
3    package="com.propertylenzapp"
4    android:versionCode="81"
5    android:versionName="2.1.0" >
6
7    <uses-sdk
8        android:minSdkVersion="24"
9        android:targetSdkVersion="35" />
10
11    <uses-permission android:name="android.permission.INTERNET" />
11-->src\main\AndroidManifest.xml:3:5-67
11-->src\main\AndroidManifest.xml:3:22-64
12    <uses-permission android:name="android.permission.CAMERA" />
12-->src\main\AndroidManifest.xml:4:5-65
12-->src\main\AndroidManifest.xml:4:22-62
13    <uses-permission android:name="android.permission.WRITE_EXTERNAL_STORAGE" />
13-->src\main\AndroidManifest.xml:5:5-81
13-->src\main\AndroidManifest.xml:5:22-78
14    <uses-permission android:name="android.permission.READ_EXTERNAL_STORAGE" />
14-->src\main\AndroidManifest.xml:6:5-80
14-->src\main\AndroidManifest.xml:6:22-77
15    <uses-permission android:name="android.permission.DOWNLOAD_WITHOUT_NOTIFICATION" />
15-->src\main\AndroidManifest.xml:7:5-88
15-->src\main\AndroidManifest.xml:7:22-85
16    <uses-permission android:name="android.permission.SYSTEM_ALERT_WINDOW" />
16-->src\main\AndroidManifest.xml:8:5-77
16-->src\main\AndroidManifest.xml:8:22-75
17    <uses-permission android:name="android.permission.ACCESS_NETWORK_STATE" />
17-->src\main\AndroidManifest.xml:9:5-79
17-->src\main\AndroidManifest.xml:9:22-76
18    <uses-permission android:name="android.permission.POST_NOTIFICATIONS" />
18-->src\main\AndroidManifest.xml:10:5-76
18-->src\main\AndroidManifest.xml:10:22-74
19    <uses-permission android:name="android.permission.RECEIVE_BOOT_COMPLETED" />
19-->src\main\AndroidManifest.xml:11:5-81
19-->src\main\AndroidManifest.xml:11:22-78
20    <uses-permission android:name="android.permission.VIBRATE" />
20-->src\main\AndroidManifest.xml:12:5-66
20-->src\main\AndroidManifest.xml:12:22-63
21    <uses-permission android:name="android.permission.ACCESS_FINE_LOCATION" />
21-->src\main\AndroidManifest.xml:13:5-79
21-->src\main\AndroidManifest.xml:13:22-76
22
23    <queries>
23-->[:react-native-webview] AndroidManifest.xml:7:5-17:15
24        <intent>
24-->[:react-native-webview] AndroidManifest.xml:8:9-10:18
25            <action android:name="org.chromium.intent.action.PAY" />
25-->[:react-native-webview] AndroidManifest.xml:9:13-69
25-->[:react-native-webview] AndroidManifest.xml:9:21-66
26        </intent>
27        <intent>
27-->[:react-native-webview] AndroidManifest.xml:11:9-13:18
28            <action android:name="org.chromium.intent.action.IS_READY_TO_PAY" />
28-->[:react-native-webview] AndroidManifest.xml:12:13-81
28-->[:react-native-webview] AndroidManifest.xml:12:21-78
29        </intent>
30        <intent>
30-->[:react-native-webview] AndroidManifest.xml:14:9-16:18
31            <action android:name="org.chromium.intent.action.UPDATE_PAYMENT_DETAILS" />
31-->[:react-native-webview] AndroidManifest.xml:15:13-88
31-->[:react-native-webview] AndroidManifest.xml:15:21-85
32        </intent>
33        <!-- Added to check if Chrome is installed for browser-based payment authentication (e.g. 3DS1). -->
34        <package android:name="com.android.chrome" /> <!-- Added to check the default browser that will host the AuthFlow. -->
34-->[com.stripe:payments-core:20.48.6] AndroidManifest.xml:11:9-54
34-->[com.stripe:payments-core:20.48.6] AndroidManifest.xml:11:18-51
35        <intent>
35-->[com.stripe:financial-connections:20.48.6] AndroidManifest.xml:13:9-17:18
36            <action android:name="android.intent.action.VIEW" />
36-->[com.stripe:link:20.48.6] AndroidManifest.xml:21:17-69
36-->[com.stripe:link:20.48.6] AndroidManifest.xml:21:25-66
37
38            <data android:scheme="http" />
38-->[com.stripe:link:20.48.6] AndroidManifest.xml:26:17-29:51
38-->[com.stripe:link:20.48.6] AndroidManifest.xml:29:21-48
39        </intent>
40        <intent>
40-->[androidx.camera:camera-extensions:1.5.0-alpha03] AndroidManifest.xml:23:9-25:18
41            <action android:name="androidx.camera.extensions.action.VENDOR_ACTION" />
41-->[androidx.camera:camera-extensions:1.5.0-alpha03] AndroidManifest.xml:24:13-86
41-->[androidx.camera:camera-extensions:1.5.0-alpha03] AndroidManifest.xml:24:21-83
42        </intent> <!-- Needs to be explicitly declared on Android R+ -->
43        <package android:name="com.google.android.apps.maps" />
43-->[com.google.android.gms:play-services-maps:18.0.2] AndroidManifest.xml:33:9-64
43-->[com.google.android.gms:play-services-maps:18.0.2] AndroidManifest.xml:33:18-61
44    </queries>
45
46    <uses-permission android:name="android.permission.WAKE_LOCK" /> <!-- Required by older versions of Google Play services to create IID tokens -->
46-->[:react-native-firebase_auth] AndroidManifest.xml:8:5-68
46-->[:react-native-firebase_auth] AndroidManifest.xml:8:22-65
47    <uses-permission android:name="com.google.android.c2dm.permission.RECEIVE" />
47-->[com.google.firebase:firebase-messaging:24.1.1] AndroidManifest.xml:26:5-82
47-->[com.google.firebase:firebase-messaging:24.1.1] AndroidManifest.xml:26:22-79
48
49    <uses-feature
49-->[com.google.android.gms:play-services-maps:18.0.2] AndroidManifest.xml:26:5-28:35
50        android:glEsVersion="0x00020000"
50-->[com.google.android.gms:play-services-maps:18.0.2] AndroidManifest.xml:27:9-41
51        android:required="true" />
51-->[com.google.android.gms:play-services-maps:18.0.2] AndroidManifest.xml:28:9-32
52
53    <uses-permission android:name="com.google.android.providers.gsf.permission.READ_GSERVICES" />
53-->[com.google.android.recaptcha:recaptcha:18.6.1] AndroidManifest.xml:9:5-98
53-->[com.google.android.recaptcha:recaptcha:18.6.1] AndroidManifest.xml:9:22-95
54
55    <permission
55-->[androidx.core:core:1.13.1] AndroidManifest.xml:22:5-24:47
56        android:name="com.propertylenzapp.DYNAMIC_RECEIVER_NOT_EXPORTED_PERMISSION"
56-->[androidx.core:core:1.13.1] AndroidManifest.xml:23:9-81
57        android:protectionLevel="signature" />
57-->[androidx.core:core:1.13.1] AndroidManifest.xml:24:9-44
58
59    <uses-permission android:name="com.propertylenzapp.DYNAMIC_RECEIVER_NOT_EXPORTED_PERMISSION" /> <!-- <uses-permission android:name="android.permission.ACCESS_COARSE_LOCATION" /> -->
59-->[androidx.core:core:1.13.1] AndroidManifest.xml:26:5-97
59-->[androidx.core:core:1.13.1] AndroidManifest.xml:26:22-94
60    <application
60-->src\main\AndroidManifest.xml:16:5-49:19
61        android:name="com.propertylenzapp.MainApplication"
61-->src\main\AndroidManifest.xml:17:7-38
62        android:allowBackup="true"
62-->src\main\AndroidManifest.xml:21:7-33
63        android:appComponentFactory="androidx.core.app.CoreComponentFactory"
63-->[androidx.core:core:1.13.1] AndroidManifest.xml:28:18-86
64        android:extractNativeLibs="false"
65        android:icon="@mipmap/ic_launcher"
65-->src\main\AndroidManifest.xml:19:7-41
66        android:label="@string/app_name"
66-->src\main\AndroidManifest.xml:18:7-39
67        android:requestLegacyExternalStorage="true"
67-->src\main\AndroidManifest.xml:24:7-50
68        android:roundIcon="@mipmap/ic_launcher_round"
68-->src\main\AndroidManifest.xml:20:7-52
69        android:supportsRtl="true"
69-->[com.github.Rauzon:photo-editor-android:v1.1.0] AndroidManifest.xml:12:9-35
70        android:theme="@style/AppTheme"
70-->src\main\AndroidManifest.xml:22:7-38
71        android:usesCleartextTraffic="true" >
71-->src\main\AndroidManifest.xml:23:6-41
72
73        <!-- MainActivity configuration -->
74        <activity
74-->src\main\AndroidManifest.xml:26:7-39:18
75            android:name="com.propertylenzapp.MainActivity"
75-->src\main\AndroidManifest.xml:27:9-37
76            android:configChanges="keyboard|keyboardHidden|orientation|screenLayout|screenSize|smallestScreenSize|uiMode"
76-->src\main\AndroidManifest.xml:29:9-118
77            android:exported="true"
77-->src\main\AndroidManifest.xml:32:9-32
78            android:label="@string/app_name"
78-->src\main\AndroidManifest.xml:28:9-41
79            android:launchMode="singleTask"
79-->src\main\AndroidManifest.xml:30:9-40
80            android:windowSoftInputMode="adjustResize" >
80-->src\main\AndroidManifest.xml:31:9-51
81            <intent-filter>
81-->src\main\AndroidManifest.xml:34:9-38:25
82                <action android:name="android.intent.action.MAIN" />
82-->src\main\AndroidManifest.xml:35:13-65
82-->src\main\AndroidManifest.xml:35:21-62
83
84                <category android:name="android.intent.category.LAUNCHER" />
84-->src\main\AndroidManifest.xml:36:13-73
84-->src\main\AndroidManifest.xml:36:23-70
85
86                <action android:name="android.intent.action.DOWNLOAD_COMPLETE" />
86-->src\main\AndroidManifest.xml:37:13-77
86-->src\main\AndroidManifest.xml:37:21-75
87            </intent-filter>
88        </activity>
89        <!-- Firebase Cloud Messaging service configuration -->
90        <service
90-->src\main\AndroidManifest.xml:41:8-45:17
91            android:name="com.google.firebase.messaging.FirebaseMessagingService"
91-->src\main\AndroidManifest.xml:41:17-86
92            android:directBootAware="true"
92-->[com.google.firebase:firebase-messaging:24.1.1] AndroidManifest.xml:48:13-43
93            android:exported="false" >
93-->[com.google.firebase:firebase-messaging:24.1.1] AndroidManifest.xml:49:13-37
94            <intent-filter>
94-->src\main\AndroidManifest.xml:42:9-44:25
95                <action android:name="com.google.firebase.MESSAGING_EVENT" />
95-->src\main\AndroidManifest.xml:43:11-71
95-->src\main\AndroidManifest.xml:43:19-69
96            </intent-filter>
97            <intent-filter android:priority="-500" >
97-->src\main\AndroidManifest.xml:42:9-44:25
98                <action android:name="com.google.firebase.MESSAGING_EVENT" />
98-->src\main\AndroidManifest.xml:43:11-71
98-->src\main\AndroidManifest.xml:43:19-69
99            </intent-filter>
100        </service>
101        <!-- Other activities -->
102        <activity android:name="com.ahmedadeltito.photoeditor.PhotoEditorActivity" />
102-->src\main\AndroidManifest.xml:47:7-84
102-->src\main\AndroidManifest.xml:47:17-81
103        <activity android:name="com.yalantis.ucrop.UCropActivity" />
103-->src\main\AndroidManifest.xml:48:7-67
103-->src\main\AndroidManifest.xml:48:17-64
104
105        <provider
105-->[:react-native-webview] AndroidManifest.xml:20:9-28:20
106            android:name="com.reactnativecommunity.webview.RNCWebViewFileProvider"
106-->[:react-native-webview] AndroidManifest.xml:21:13-83
107            android:authorities="com.propertylenzapp.fileprovider"
107-->[:react-native-webview] AndroidManifest.xml:22:13-64
108            android:exported="false"
108-->[:react-native-webview] AndroidManifest.xml:23:13-37
109            android:grantUriPermissions="true" >
109-->[:react-native-webview] AndroidManifest.xml:24:13-47
110            <meta-data
110-->[:react-native-webview] AndroidManifest.xml:25:13-27:63
111                android:name="android.support.FILE_PROVIDER_PATHS"
111-->[:react-native-webview] AndroidManifest.xml:26:17-67
112                android:resource="@xml/file_provider_paths" />
112-->[:react-native-webview] AndroidManifest.xml:27:17-60
113        </provider>
114
115        <service
115-->[:react-native-firebase_messaging] AndroidManifest.xml:12:9-14:40
116            android:name="io.invertase.firebase.messaging.ReactNativeFirebaseMessagingHeadlessService"
116-->[:react-native-firebase_messaging] AndroidManifest.xml:13:13-103
117            android:exported="false" />
117-->[:react-native-firebase_messaging] AndroidManifest.xml:14:13-37
118        <service
118-->[:react-native-firebase_messaging] AndroidManifest.xml:15:9-21:19
119            android:name="io.invertase.firebase.messaging.ReactNativeFirebaseMessagingService"
119-->[:react-native-firebase_messaging] AndroidManifest.xml:16:13-95
120            android:exported="false" >
120-->[:react-native-firebase_messaging] AndroidManifest.xml:17:13-37
121            <intent-filter>
121-->src\main\AndroidManifest.xml:42:9-44:25
122                <action android:name="com.google.firebase.MESSAGING_EVENT" />
122-->src\main\AndroidManifest.xml:43:11-71
122-->src\main\AndroidManifest.xml:43:19-69
123            </intent-filter>
124        </service>
125
126        <receiver
126-->[:react-native-firebase_messaging] AndroidManifest.xml:23:9-30:20
127            android:name="io.invertase.firebase.messaging.ReactNativeFirebaseMessagingReceiver"
127-->[:react-native-firebase_messaging] AndroidManifest.xml:24:13-96
128            android:exported="true"
128-->[:react-native-firebase_messaging] AndroidManifest.xml:25:13-36
129            android:permission="com.google.android.c2dm.permission.SEND" >
129-->[:react-native-firebase_messaging] AndroidManifest.xml:26:13-73
130            <intent-filter>
130-->[:react-native-firebase_messaging] AndroidManifest.xml:27:13-29:29
131                <action android:name="com.google.android.c2dm.intent.RECEIVE" />
131-->[:react-native-firebase_messaging] AndroidManifest.xml:28:17-81
131-->[:react-native-firebase_messaging] AndroidManifest.xml:28:25-78
132            </intent-filter>
133        </receiver>
134
135        <meta-data
135-->[:react-native-firebase_messaging] AndroidManifest.xml:32:9-34:37
136            android:name="delivery_metrics_exported_to_big_query_enabled"
136-->[:react-native-firebase_messaging] AndroidManifest.xml:33:13-74
137            android:value="false" />
137-->[:react-native-firebase_messaging] AndroidManifest.xml:34:13-34
138        <meta-data
138-->[:react-native-firebase_messaging] AndroidManifest.xml:35:9-37:36
139            android:name="firebase_messaging_auto_init_enabled"
139-->[:react-native-firebase_messaging] AndroidManifest.xml:36:13-64
140            android:value="true" />
140-->[:react-native-firebase_messaging] AndroidManifest.xml:37:13-33
141        <meta-data
141-->[:react-native-firebase_messaging] AndroidManifest.xml:38:9-40:37
142            android:name="firebase_messaging_notification_delegation_enabled"
142-->[:react-native-firebase_messaging] AndroidManifest.xml:39:13-78
143            android:value="false" />
143-->[:react-native-firebase_messaging] AndroidManifest.xml:40:13-34
144        <meta-data
144-->[:react-native-firebase_messaging] AndroidManifest.xml:41:9-43:32
145            android:name="com.google.firebase.messaging.default_notification_channel_id"
145-->[:react-native-firebase_messaging] AndroidManifest.xml:42:13-89
146            android:value="" />
146-->[:react-native-firebase_messaging] AndroidManifest.xml:43:13-29
147        <meta-data
147-->[:react-native-firebase_messaging] AndroidManifest.xml:44:9-46:47
148            android:name="com.google.firebase.messaging.default_notification_color"
148-->[:react-native-firebase_messaging] AndroidManifest.xml:45:13-84
149            android:resource="@color/white" />
149-->[:react-native-firebase_messaging] AndroidManifest.xml:46:13-44
150        <meta-data
150-->[:react-native-firebase_app] AndroidManifest.xml:9:9-11:36
151            android:name="app_data_collection_default_enabled"
151-->[:react-native-firebase_app] AndroidManifest.xml:10:13-63
152            android:value="true" />
152-->[:react-native-firebase_app] AndroidManifest.xml:11:13-33
153
154        <service
154-->[:react-native-firebase_app] AndroidManifest.xml:13:9-21:19
155            android:name="com.google.firebase.components.ComponentDiscoveryService"
155-->[:react-native-firebase_app] AndroidManifest.xml:14:13-84
156            android:directBootAware="true"
156-->[:react-native-firebase_app] AndroidManifest.xml:15:13-43
157            android:exported="false" >
157-->[:react-native-firebase_app] AndroidManifest.xml:16:13-37
158            <meta-data
158-->[:react-native-firebase_app] AndroidManifest.xml:18:13-20:85
159                android:name="com.google.firebase.components:io.invertase.firebase.app.ReactNativeFirebaseAppRegistrar"
159-->[:react-native-firebase_app] AndroidManifest.xml:19:17-120
160                android:value="com.google.firebase.components.ComponentRegistrar" />
160-->[:react-native-firebase_app] AndroidManifest.xml:20:17-82
161            <meta-data
161-->[com.google.firebase:firebase-auth:23.2.0] AndroidManifest.xml:69:13-71:85
162                android:name="com.google.firebase.components:com.google.firebase.auth.FirebaseAuthRegistrar"
162-->[com.google.firebase:firebase-auth:23.2.0] AndroidManifest.xml:70:17-109
163                android:value="com.google.firebase.components.ComponentRegistrar" />
163-->[com.google.firebase:firebase-auth:23.2.0] AndroidManifest.xml:71:17-82
164            <meta-data
164-->[com.google.firebase:firebase-messaging:24.1.1] AndroidManifest.xml:57:13-59:85
165                android:name="com.google.firebase.components:com.google.firebase.messaging.FirebaseMessagingKtxRegistrar"
165-->[com.google.firebase:firebase-messaging:24.1.1] AndroidManifest.xml:58:17-122
166                android:value="com.google.firebase.components.ComponentRegistrar" />
166-->[com.google.firebase:firebase-messaging:24.1.1] AndroidManifest.xml:59:17-82
167            <meta-data
167-->[com.google.firebase:firebase-messaging:24.1.1] AndroidManifest.xml:60:13-62:85
168                android:name="com.google.firebase.components:com.google.firebase.messaging.FirebaseMessagingRegistrar"
168-->[com.google.firebase:firebase-messaging:24.1.1] AndroidManifest.xml:61:17-119
169                android:value="com.google.firebase.components.ComponentRegistrar" />
169-->[com.google.firebase:firebase-messaging:24.1.1] AndroidManifest.xml:62:17-82
170            <meta-data
170-->[com.google.firebase:firebase-installations:18.0.0] AndroidManifest.xml:15:13-17:85
171                android:name="com.google.firebase.components:com.google.firebase.installations.FirebaseInstallationsKtxRegistrar"
171-->[com.google.firebase:firebase-installations:18.0.0] AndroidManifest.xml:16:17-130
172                android:value="com.google.firebase.components.ComponentRegistrar" />
172-->[com.google.firebase:firebase-installations:18.0.0] AndroidManifest.xml:17:17-82
173            <meta-data
173-->[com.google.firebase:firebase-installations:18.0.0] AndroidManifest.xml:18:13-20:85
174                android:name="com.google.firebase.components:com.google.firebase.installations.FirebaseInstallationsRegistrar"
174-->[com.google.firebase:firebase-installations:18.0.0] AndroidManifest.xml:19:17-127
175                android:value="com.google.firebase.components.ComponentRegistrar" />
175-->[com.google.firebase:firebase-installations:18.0.0] AndroidManifest.xml:20:17-82
176            <meta-data
176-->[com.google.firebase:firebase-common-ktx:21.0.0] AndroidManifest.xml:12:13-14:85
177                android:name="com.google.firebase.components:com.google.firebase.ktx.FirebaseCommonLegacyRegistrar"
177-->[com.google.firebase:firebase-common-ktx:21.0.0] AndroidManifest.xml:13:17-116
178                android:value="com.google.firebase.components.ComponentRegistrar" />
178-->[com.google.firebase:firebase-common-ktx:21.0.0] AndroidManifest.xml:14:17-82
179            <meta-data
179-->[com.google.firebase:firebase-common:21.0.0] AndroidManifest.xml:35:13-37:85
180                android:name="com.google.firebase.components:com.google.firebase.FirebaseCommonKtxRegistrar"
180-->[com.google.firebase:firebase-common:21.0.0] AndroidManifest.xml:36:17-109
181                android:value="com.google.firebase.components.ComponentRegistrar" />
181-->[com.google.firebase:firebase-common:21.0.0] AndroidManifest.xml:37:17-82
182            <meta-data
182-->[com.google.firebase:firebase-datatransport:18.2.0] AndroidManifest.xml:25:13-27:85
183                android:name="com.google.firebase.components:com.google.firebase.datatransport.TransportRegistrar"
183-->[com.google.firebase:firebase-datatransport:18.2.0] AndroidManifest.xml:26:17-115
184                android:value="com.google.firebase.components.ComponentRegistrar" />
184-->[com.google.firebase:firebase-datatransport:18.2.0] AndroidManifest.xml:27:17-82
185        </service>
186
187        <provider
187-->[:react-native-firebase_app] AndroidManifest.xml:23:9-27:38
188            android:name="io.invertase.firebase.app.ReactNativeFirebaseAppInitProvider"
188-->[:react-native-firebase_app] AndroidManifest.xml:24:13-88
189            android:authorities="com.propertylenzapp.reactnativefirebaseappinitprovider"
189-->[:react-native-firebase_app] AndroidManifest.xml:25:13-86
190            android:exported="false"
190-->[:react-native-firebase_app] AndroidManifest.xml:26:13-37
191            android:initOrder="99" />
191-->[:react-native-firebase_app] AndroidManifest.xml:27:13-35
192        <provider
192-->[:react-native-image-picker] AndroidManifest.xml:8:9-16:20
193            android:name="com.imagepicker.ImagePickerProvider"
193-->[:react-native-image-picker] AndroidManifest.xml:9:13-63
194            android:authorities="com.propertylenzapp.imagepickerprovider"
194-->[:react-native-image-picker] AndroidManifest.xml:10:13-71
195            android:exported="false"
195-->[:react-native-image-picker] AndroidManifest.xml:11:13-37
196            android:grantUriPermissions="true" >
196-->[:react-native-image-picker] AndroidManifest.xml:12:13-47
197            <meta-data
197-->[:react-native-webview] AndroidManifest.xml:25:13-27:63
198                android:name="android.support.FILE_PROVIDER_PATHS"
198-->[:react-native-webview] AndroidManifest.xml:26:17-67
199                android:resource="@xml/imagepicker_provider_paths" />
199-->[:react-native-webview] AndroidManifest.xml:27:17-60
200        </provider>
201
202        <activity
202-->[com.stripe:paymentsheet:20.48.6] AndroidManifest.xml:8:9-11:69
203            android:name="com.stripe.android.paymentsheet.PaymentSheetActivity"
203-->[com.stripe:paymentsheet:20.48.6] AndroidManifest.xml:9:13-80
204            android:exported="false"
204-->[com.stripe:paymentsheet:20.48.6] AndroidManifest.xml:10:13-37
205            android:theme="@style/StripePaymentSheetDefaultTheme" />
205-->[com.stripe:paymentsheet:20.48.6] AndroidManifest.xml:11:13-66
206        <activity
206-->[com.stripe:paymentsheet:20.48.6] AndroidManifest.xml:12:9-15:69
207            android:name="com.stripe.android.paymentsheet.PaymentOptionsActivity"
207-->[com.stripe:paymentsheet:20.48.6] AndroidManifest.xml:13:13-82
208            android:exported="false"
208-->[com.stripe:paymentsheet:20.48.6] AndroidManifest.xml:14:13-37
209            android:theme="@style/StripePaymentSheetDefaultTheme" />
209-->[com.stripe:paymentsheet:20.48.6] AndroidManifest.xml:15:13-66
210        <activity
210-->[com.stripe:paymentsheet:20.48.6] AndroidManifest.xml:16:9-19:69
211            android:name="com.stripe.android.customersheet.CustomerSheetActivity"
211-->[com.stripe:paymentsheet:20.48.6] AndroidManifest.xml:17:13-82
212            android:exported="false"
212-->[com.stripe:paymentsheet:20.48.6] AndroidManifest.xml:18:13-37
213            android:theme="@style/StripePaymentSheetDefaultTheme" />
213-->[com.stripe:paymentsheet:20.48.6] AndroidManifest.xml:19:13-66
214        <activity
214-->[com.stripe:paymentsheet:20.48.6] AndroidManifest.xml:20:9-23:69
215            android:name="com.stripe.android.paymentsheet.addresselement.AddressElementActivity"
215-->[com.stripe:paymentsheet:20.48.6] AndroidManifest.xml:21:13-97
216            android:exported="false"
216-->[com.stripe:paymentsheet:20.48.6] AndroidManifest.xml:22:13-37
217            android:theme="@style/StripePaymentSheetDefaultTheme" />
217-->[com.stripe:paymentsheet:20.48.6] AndroidManifest.xml:23:13-66
218        <activity
218-->[com.stripe:paymentsheet:20.48.6] AndroidManifest.xml:24:9-27:69
219            android:name="com.stripe.android.paymentsheet.paymentdatacollection.bacs.BacsMandateConfirmationActivity"
219-->[com.stripe:paymentsheet:20.48.6] AndroidManifest.xml:25:13-118
220            android:exported="false"
220-->[com.stripe:paymentsheet:20.48.6] AndroidManifest.xml:26:13-37
221            android:theme="@style/StripePaymentSheetDefaultTheme" />
221-->[com.stripe:paymentsheet:20.48.6] AndroidManifest.xml:27:13-66
222        <activity
222-->[com.stripe:paymentsheet:20.48.6] AndroidManifest.xml:28:9-31:69
223            android:name="com.stripe.android.paymentsheet.paymentdatacollection.polling.PollingActivity"
223-->[com.stripe:paymentsheet:20.48.6] AndroidManifest.xml:29:13-105
224            android:exported="false"
224-->[com.stripe:paymentsheet:20.48.6] AndroidManifest.xml:30:13-37
225            android:theme="@style/StripePaymentSheetDefaultTheme" />
225-->[com.stripe:paymentsheet:20.48.6] AndroidManifest.xml:31:13-66
226        <activity
226-->[com.stripe:paymentsheet:20.48.6] AndroidManifest.xml:32:9-35:69
227            android:name="com.stripe.android.paymentsheet.ui.SepaMandateActivity"
227-->[com.stripe:paymentsheet:20.48.6] AndroidManifest.xml:33:13-82
228            android:exported="false"
228-->[com.stripe:paymentsheet:20.48.6] AndroidManifest.xml:34:13-37
229            android:theme="@style/StripePaymentSheetDefaultTheme" />
229-->[com.stripe:paymentsheet:20.48.6] AndroidManifest.xml:35:13-66
230        <activity
230-->[com.stripe:paymentsheet:20.48.6] AndroidManifest.xml:36:9-39:68
231            android:name="com.stripe.android.paymentsheet.ExternalPaymentMethodProxyActivity"
231-->[com.stripe:paymentsheet:20.48.6] AndroidManifest.xml:37:13-94
232            android:exported="false"
232-->[com.stripe:paymentsheet:20.48.6] AndroidManifest.xml:38:13-37
233            android:theme="@style/StripePayLauncherDefaultTheme" />
233-->[com.stripe:paymentsheet:20.48.6] AndroidManifest.xml:39:13-65
234        <activity
234-->[com.stripe:paymentsheet:20.48.6] AndroidManifest.xml:40:9-42:69
235            android:name="com.stripe.android.paymentsheet.paymentdatacollection.cvcrecollection.CvcRecollectionActivity"
235-->[com.stripe:paymentsheet:20.48.6] AndroidManifest.xml:41:13-121
236            android:theme="@style/StripePaymentSheetDefaultTheme" />
236-->[com.stripe:paymentsheet:20.48.6] AndroidManifest.xml:42:13-66
237        <activity
237-->[com.stripe:link:20.48.6] AndroidManifest.xml:8:9-13:61
238            android:name="com.stripe.android.link.LinkForegroundActivity"
238-->[com.stripe:link:20.48.6] AndroidManifest.xml:9:13-74
239            android:autoRemoveFromRecents="true"
239-->[com.stripe:link:20.48.6] AndroidManifest.xml:10:13-49
240            android:configChanges="orientation|keyboard|keyboardHidden|screenLayout|screenSize|smallestScreenSize"
240-->[com.stripe:link:20.48.6] AndroidManifest.xml:11:13-115
241            android:launchMode="singleTop"
241-->[com.stripe:link:20.48.6] AndroidManifest.xml:12:13-43
242            android:theme="@style/StripeTransparentTheme" />
242-->[com.stripe:link:20.48.6] AndroidManifest.xml:13:13-58
243        <activity
243-->[com.stripe:link:20.48.6] AndroidManifest.xml:14:9-31:20
244            android:name="com.stripe.android.link.LinkRedirectHandlerActivity"
244-->[com.stripe:link:20.48.6] AndroidManifest.xml:15:13-79
245            android:autoRemoveFromRecents="true"
245-->[com.stripe:link:20.48.6] AndroidManifest.xml:16:13-49
246            android:exported="true"
246-->[com.stripe:link:20.48.6] AndroidManifest.xml:17:13-36
247            android:launchMode="singleInstance"
247-->[com.stripe:link:20.48.6] AndroidManifest.xml:18:13-48
248            android:theme="@style/StripeTransparentTheme" >
248-->[com.stripe:link:20.48.6] AndroidManifest.xml:19:13-58
249            <intent-filter>
249-->[com.stripe:link:20.48.6] AndroidManifest.xml:20:13-30:29
250                <action android:name="android.intent.action.VIEW" />
250-->[com.stripe:link:20.48.6] AndroidManifest.xml:21:17-69
250-->[com.stripe:link:20.48.6] AndroidManifest.xml:21:25-66
251
252                <category android:name="android.intent.category.DEFAULT" />
252-->[com.stripe:link:20.48.6] AndroidManifest.xml:23:17-76
252-->[com.stripe:link:20.48.6] AndroidManifest.xml:23:27-73
253                <category android:name="android.intent.category.BROWSABLE" />
253-->[com.stripe:link:20.48.6] AndroidManifest.xml:24:17-78
253-->[com.stripe:link:20.48.6] AndroidManifest.xml:24:27-75
254
255                <data
255-->[com.stripe:link:20.48.6] AndroidManifest.xml:26:17-29:51
256                    android:host="complete"
256-->[com.stripe:link:20.48.6] AndroidManifest.xml:27:21-44
257                    android:path="/com.propertylenzapp"
257-->[com.stripe:link:20.48.6] AndroidManifest.xml:28:21-53
258                    android:scheme="link-popup" />
258-->[com.stripe:link:20.48.6] AndroidManifest.xml:29:21-48
259            </intent-filter>
260        </activity>
261        <activity
261-->[com.stripe:payments-ui-core:20.48.6] AndroidManifest.xml:8:9-11:69
262            android:name="com.stripe.android.ui.core.cardscan.CardScanActivity"
262-->[com.stripe:payments-ui-core:20.48.6] AndroidManifest.xml:9:13-80
263            android:exported="false"
263-->[com.stripe:payments-ui-core:20.48.6] AndroidManifest.xml:10:13-37
264            android:theme="@style/StripePaymentSheetDefaultTheme" />
264-->[com.stripe:payments-ui-core:20.48.6] AndroidManifest.xml:11:13-66
265        <activity
265-->[com.stripe:payments-core:20.48.6] AndroidManifest.xml:15:9-18:57
266            android:name="com.stripe.android.view.AddPaymentMethodActivity"
266-->[com.stripe:payments-core:20.48.6] AndroidManifest.xml:16:13-76
267            android:exported="false"
267-->[com.stripe:payments-core:20.48.6] AndroidManifest.xml:17:13-37
268            android:theme="@style/StripeDefaultTheme" />
268-->[com.stripe:payments-core:20.48.6] AndroidManifest.xml:18:13-54
269        <activity
269-->[com.stripe:payments-core:20.48.6] AndroidManifest.xml:19:9-22:57
270            android:name="com.stripe.android.view.PaymentMethodsActivity"